<?xml version="1.0" encoding="UTF-8"?>
<testng-results ignored="0" total="3" passed="3" failed="0" skipped="0">
  <reporter-output>
  </reporter-output>
  <suite started-at="2024-04-01T19:57:02 IST" name="Default suite" finished-at="2024-04-01T19:57:02 IST" duration-ms="47">
    <groups>
    </groups>
    <test started-at="2024-04-01T19:57:02 IST" name="Default test" finished-at="2024-04-01T19:57:02 IST" duration-ms="47">
      <class name="Worldline.Assessment_2.AppTest">
        <test-method signature="testEven()[pri:0, instance:Worldline.Assessment_2.AppTest@550dbc7a]" started-at="2024-04-01T19:57:02 IST" name="testEven" finished-at="2024-04-01T19:57:02 IST" duration-ms="8" status="PASS">
          <reporter-output>
          </reporter-output>
        </test-method> <!-- testEven -->
        <test-method signature="testOdd()[pri:0, instance:Worldline.Assessment_2.AppTest@550dbc7a]" started-at="2024-04-01T19:57:02 IST" name="testOdd" finished-at="2024-04-01T19:57:02 IST" duration-ms="1" status="PASS">
          <reporter-output>
          </reporter-output>
        </test-method> <!-- testOdd -->
        <test-method signature="testPrime()[pri:0, instance:Worldline.Assessment_2.AppTest@550dbc7a]" started-at="2024-04-01T19:57:02 IST" name="testPrime" finished-at="2024-04-01T19:57:02 IST" duration-ms="0" status="PASS">
          <reporter-output>
          </reporter-output>
        </test-method> <!-- testPrime -->
      </class> <!-- Worldline.Assessment_2.AppTest -->
    </test> <!-- Default test -->
  </suite> <!-- Default suite -->
</testng-results>
